rake aborted!
LoadError: cannot load such file -- /home/wyy/rising_tide/config
/home/wyy/rising_tide/models/common.rb:2:in `require_relative'
/home/wyy/rising_tide/models/common.rb:2:in `<top (required)>'
/home/wyy/rising_tide/models/check_server_health.rb:2:in `require_relative'
/home/wyy/rising_tide/models/check_server_health.rb:2:in `<top (required)>'
/home/wyy/rising_tide/Rakefile:3:in `require_relative'
/home/wyy/rising_tide/Rakefile:3:in `<top (required)>'
/usr/local/rvm/gems/ruby-2.0.0-p353/bin/ruby_executable_hooks:15:in `eval'
/usr/local/rvm/gems/ruby-2.0.0-p353/bin/ruby_executable_hooks:15:in `<main>'
(See full trace by running task with --trace)
rake aborted!
LoadError: cannot load such file -- /home/wyy/rising_tide/config
/home/wyy/rising_tide/models/common.rb:2:in `require_relative'
/home/wyy/rising_tide/models/common.rb:2:in `<top (required)>'
/home/wyy/rising_tide/models/main.rb:2:in `require_relative'
/home/wyy/rising_tide/models/main.rb:2:in `<top (required)>'
/home/wyy/rising_tide/helper.rb:2:in `require_relative'
/home/wyy/rising_tide/helper.rb:2:in `<top (required)>'
/home/wyy/rising_tide/Rakefile:3:in `require_relative'
/home/wyy/rising_tide/Rakefile:3:in `<top (required)>'
/usr/local/rvm/gems/ruby-2.0.0-p353/bin/ruby_executable_hooks:15:in `eval'
/usr/local/rvm/gems/ruby-2.0.0-p353/bin/ruby_executable_hooks:15:in `<main>'
(See full trace by running task with --trace)
rake aborted!
NameError: uninitialized constant Helpers::MailDailyWork
/home/wyy/rising_tide/helper.rb:9:in `<module:Helpers>'
/home/wyy/rising_tide/helper.rb:7:in `<top (required)>'
/home/wyy/rising_tide/Rakefile:2:in `require_relative'
/home/wyy/rising_tide/Rakefile:2:in `<top (required)>'
/usr/local/rvm/gems/ruby-2.0.0-p353/bin/ruby_executable_hooks:15:in `eval'
/usr/local/rvm/gems/ruby-2.0.0-p353/bin/ruby_executable_hooks:15:in `<main>'
(See full trace by running task with --trace)
rake aborted!
Don't know how to build task 'CheckServerHealth'
/usr/local/rvm/gems/ruby-2.0.0-p353/bin/ruby_executable_hooks:15:in `eval'
/usr/local/rvm/gems/ruby-2.0.0-p353/bin/ruby_executable_hooks:15:in `<main>'
(See full trace by running task with --trace)
rake aborted!
Don't know how to build task 'CheckServerHealth'
/usr/local/rvm/gems/ruby-2.0.0-p353/bin/ruby_executable_hooks:15:in `eval'
/usr/local/rvm/gems/ruby-2.0.0-p353/bin/ruby_executable_hooks:15:in `<main>'
(See full trace by running task with --trace)
rake aborted!
Don't know how to build task 'CheckServerHealth'
/usr/local/rvm/gems/ruby-2.0.0-p353/bin/ruby_executable_hooks:15:in `eval'
/usr/local/rvm/gems/ruby-2.0.0-p353/bin/ruby_executable_hooks:15:in `<main>'
(See full trace by running task with --trace)
rake aborted!
Don't know how to build task 'CheckServerHealth'
/usr/local/rvm/gems/ruby-2.0.0-p353/bin/ruby_executable_hooks:15:in `eval'
/usr/local/rvm/gems/ruby-2.0.0-p353/bin/ruby_executable_hooks:15:in `<main>'
(See full trace by running task with --trace)
rake aborted!
Don't know how to build task 'CheckServerHealth'
/usr/local/rvm/gems/ruby-2.0.0-p353/bin/ruby_executable_hooks:15:in `eval'
/usr/local/rvm/gems/ruby-2.0.0-p353/bin/ruby_executable_hooks:15:in `<main>'
(See full trace by running task with --trace)
